Copyright 1986-2018 Xilinx, Inc. All Rights Reserved.
-------------------------------------------------------------------------------------------------------------------------------------------------------
| Tool Version     : Vivado v.2018.2 (win64) Build 2258646 Thu Jun 14 20:03:12 MDT 2018
| Date             : Wed Oct 31 17:18:04 2018
| Host             : poseidon running 64-bit major release  (build 9200)
| Command          : report_power -file top_wrapper_power_routed.rpt -pb top_wrapper_power_summary_routed.pb -rpx top_wrapper_power_routed.rpx
| Design           : top_wrapper
| Device           : xc7z010clg400-1
| Design State     : routed
| Grade            : commercial
| Process          : typical
| Characterization : Production
-------------------------------------------------------------------------------------------------------------------------------------------------------

Power Report

Table of Contents
-----------------
1. Summary
1.1 On-Chip Components
1.2 Power Supply Summary
1.3 Confidence Level
2. Settings
2.1 Environment
2.2 Clock Constraints
3. Detailed Reports
3.1 By Hierarchy

1. Summary
----------

+--------------------------+--------------+
| Total On-Chip Power (W)  | 0.390        |
| Design Power Budget (W)  | Unspecified* |
| Power Budget Margin (W)  | NA           |
| Dynamic (W)              | 0.297        |
| Device Static (W)        | 0.093        |
| Effective TJA (C/W)      | 11.5         |
| Max Ambient (C)          | 80.5         |
| Junction Temperature (C) | 29.5         |
| Confidence Level         | Low          |
| Setting File             | ---          |
| Simulation Activity File | ---          |
| Design Nets Matched      | NA           |
+--------------------------+--------------+
* Specify Design Power Budget using, set_operating_conditions -design_power_budget <value in Watts>


1.1 On-Chip Components
----------------------

+--------------------------+-----------+----------+-----------+-----------------+
| On-Chip                  | Power (W) | Used     | Available | Utilization (%) |
+--------------------------+-----------+----------+-----------+-----------------+
| Clocks                   |     0.043 |       14 |       --- |             --- |
| Slice Logic              |     0.003 |     9636 |       --- |             --- |
|   LUT as Logic           |     0.003 |     2957 |     17600 |           16.80 |
|   Register               |    <0.001 |     4804 |     35200 |           13.65 |
|   CARRY4                 |    <0.001 |      122 |      4400 |            2.77 |
|   LUT as Distributed RAM |    <0.001 |       48 |      6000 |            0.80 |
|   Others                 |    <0.001 |      641 |       --- |             --- |
|   F7/F8 Muxes            |    <0.001 |      135 |     17600 |            0.77 |
|   LUT as Shift Register  |    <0.001 |      296 |      6000 |            4.93 |
| Signals                  |     0.004 |     6630 |       --- |             --- |
| Block RAM                |     0.002 |      2.5 |        60 |            4.17 |
| MMCM                     |     0.100 |        1 |         2 |           50.00 |
| PLL                      |     0.110 |        1 |         2 |           50.00 |
| I/O                      |     0.035 |       39 |       100 |           39.00 |
| Static Power             |     0.093 |          |           |                 |
| Total                    |     0.390 |          |           |                 |
+--------------------------+-----------+----------+-----------+-----------------+


1.2 Power Supply Summary
------------------------

+-----------+-------------+-----------+-------------+------------+
| Source    | Voltage (V) | Total (A) | Dynamic (A) | Static (A) |
+-----------+-------------+-----------+-------------+------------+
| Vccint    |       1.000 |     0.075 |       0.070 |      0.004 |
| Vccaux    |       1.800 |     0.132 |       0.126 |      0.006 |
| Vcco33    |       3.300 |     0.000 |       0.000 |      0.000 |
| Vcco25    |       2.500 |     0.000 |       0.000 |      0.000 |
| Vcco18    |       1.800 |     0.000 |       0.000 |      0.000 |
| Vcco15    |       1.500 |     0.000 |       0.000 |      0.000 |
| Vcco135   |       1.350 |     0.000 |       0.000 |      0.000 |
| Vcco12    |       1.200 |     0.000 |       0.000 |      0.000 |
| Vccaux_io |       1.800 |     0.000 |       0.000 |      0.000 |
| Vccbram   |       1.000 |     0.001 |       0.000 |      0.000 |
| MGTAVcc   |       1.000 |     0.000 |       0.000 |      0.000 |
| MGTAVtt   |       1.200 |     0.000 |       0.000 |      0.000 |
| MGTVccaux |       1.800 |     0.000 |       0.000 |      0.000 |
| Vccpint   |       1.000 |     0.018 |       0.000 |      0.018 |
| Vccpaux   |       1.800 |     0.010 |       0.000 |      0.010 |
| Vccpll    |       1.800 |     0.003 |       0.000 |      0.003 |
| Vcco_ddr  |       1.500 |     0.000 |       0.000 |      0.000 |
| Vcco_mio0 |       1.800 |     0.000 |       0.000 |      0.000 |
| Vcco_mio1 |       1.800 |     0.000 |       0.000 |      0.000 |
| Vccadc    |       1.800 |     0.020 |       0.000 |      0.020 |
+-----------+-------------+-----------+-------------+------------+


1.3 Confidence Level
--------------------

+-----------------------------+------------+--------------------------------------------------------+------------------------------------------------------------------------------------------------------------+
| User Input Data             | Confidence | Details                                                | Action                                                                                                     |
+-----------------------------+------------+--------------------------------------------------------+------------------------------------------------------------------------------------------------------------+
| Design implementation state | High       | Design is routed                                       |                                                                                                            |
| Clock nodes activity        | High       | User specified more than 95% of clocks                 |                                                                                                            |
| I/O nodes activity          | Low        | More than 75% of inputs are missing user specification | Provide missing input activity with simulation results or by editing the "By Resource Type -> I/Os" view   |
| Internal nodes activity     | Medium     | User specified less than 25% of internal nodes         | Provide missing internal nodes activity with simulation results or by editing the "By Resource Type" views |
| Device models               | High       | Device models are Production                           |                                                                                                            |
|                             |            |                                                        |                                                                                                            |
| Overall confidence level    | Low        |                                                        |                                                                                                            |
+-----------------------------+------------+--------------------------------------------------------+------------------------------------------------------------------------------------------------------------+


2. Settings
-----------

2.1 Environment
---------------

+-----------------------+------------------------+
| Ambient Temp (C)      | 25.0                   |
| ThetaJA (C/W)         | 11.5                   |
| Airflow (LFM)         | 250                    |
| Heat Sink             | none                   |
| ThetaSA (C/W)         | 0.0                    |
| Board Selection       | medium (10"x10")       |
| # of Board Layers     | 8to11 (8 to 11 Layers) |
| Board Temperature (C) | 25.0                   |
+-----------------------+------------------------+


2.2 Clock Constraints
---------------------

+--------------------------------------------------------------------------------------------+----------------------------------------------------------------------+-----------------+
| Clock                                                                                      | Domain                                                               | Constraint (ns) |
+--------------------------------------------------------------------------------------------+----------------------------------------------------------------------+-----------------+
| CLKFBIN                                                                                    | dvi2rgb_0_i/U0/TMDS_ClockingX/CLKFBIN                                |             6.1 |
| CLK_OUT_5x_hdmi_clk                                                                        | dvi2rgb_0_i/U0/TMDS_ClockingX/CLK_OUT_5x_hdmi_clk                    |             1.2 |
| PixelClk_int                                                                               | dvi2rgb_0_i/U0/TMDS_ClockingX/PixelClk                               |             6.1 |
| TMDS_Clk_p                                                                                 | TMDS_Clk_p                                                           |             6.1 |
| clk                                                                                        | clk                                                                  |             8.0 |
| clk_out1_clk_wiz_0                                                                         | clk_wiz_0_i/inst/clk_out1                                            |             5.0 |
| clk_out1_clk_wiz_0                                                                         | clk_wiz_0_i/inst/clk_out1_clk_wiz_0                                  |             5.0 |
| clk_out1_clk_wiz_0_1                                                                       | clk_wiz_0_i/inst/clk_out1                                            |             5.0 |
| clk_out1_clk_wiz_0_1                                                                       | clk_wiz_0_i/inst/clk_out1_clk_wiz_0                                  |             5.0 |
| clkfbout_clk_wiz_0                                                                         | clk_wiz_0_i/inst/clkfbout_clk_wiz_0                                  |             8.0 |
| clkfbout_clk_wiz_0_1                                                                       | clk_wiz_0_i/inst/clkfbout_clk_wiz_0                                  |             8.0 |
| dbg_hub/inst/BSCANID.u_xsdbm_id/SWITCH_N_EXT_BSCAN.bscan_inst/SERIES7_BSCAN.bscan_inst/TCK | dbg_hub/inst/BSCANID.u_xsdbm_id/SWITCH_N_EXT_BSCAN.bscan_inst/tck_bs |            33.0 |
| sys_clk_pin                                                                                | clk                                                                  |             8.0 |
+--------------------------------------------------------------------------------------------+----------------------------------------------------------------------+-----------------+


3. Detailed Reports
-------------------

3.1 By Hierarchy
----------------

+------------------------------------------------------------------------------------+-----------+
| Name                                                                               | Power (W) |
+------------------------------------------------------------------------------------+-----------+
| top_wrapper                                                                        |     0.297 |
|   clk_wiz_0_i                                                                      |     0.110 |
|     inst                                                                           |     0.110 |
|   dbg_hub                                                                          |     0.004 |
|     inst                                                                           |     0.004 |
|       BSCANID.u_xsdbm_id                                                           |     0.004 |
|         CORE_XSDB.UUT_MASTER                                                       |     0.004 |
|           U_ICON_INTERFACE                                                         |     0.003 |
|             U_CMD1                                                                 |    <0.001 |
|             U_CMD2                                                                 |    <0.001 |
|             U_CMD3                                                                 |    <0.001 |
|             U_CMD4                                                                 |    <0.001 |
|             U_CMD5                                                                 |    <0.001 |
|             U_CMD6_RD                                                              |    <0.001 |
|               U_RD_FIFO                                                            |    <0.001 |
|                 SUBCORE_FIFO.xsdbm_v3_0_0_rdfifo_inst                              |    <0.001 |
|                   inst_fifo_gen                                                    |    <0.001 |
|                     gconvfifo.rf                                                   |    <0.001 |
|                       grf.rf                                                       |    <0.001 |
|                         gntv_or_sync_fifo.gcx.clkx                                 |    <0.001 |
|                           gnxpm_cdc.gsync_stage[1].rd_stg_inst                     |    <0.001 |
|                           gnxpm_cdc.gsync_stage[1].wr_stg_inst                     |    <0.001 |
|                           gnxpm_cdc.gsync_stage[2].rd_stg_inst                     |    <0.001 |
|                           gnxpm_cdc.gsync_stage[2].wr_stg_inst                     |    <0.001 |
|                         gntv_or_sync_fifo.gl0.rd                                   |    <0.001 |
|                           gr1.gr1_int.rfwft                                        |    <0.001 |
|                           gras.rsts                                                |    <0.001 |
|                           grhf.rhf                                                 |    <0.001 |
|                           rpntr                                                    |    <0.001 |
|                         gntv_or_sync_fifo.gl0.wr                                   |    <0.001 |
|                           gwas.wsts                                                |    <0.001 |
|                           gwhf.whf                                                 |    <0.001 |
|                           wpntr                                                    |    <0.001 |
|                         gntv_or_sync_fifo.mem                                      |    <0.001 |
|                           gdm.dm_gen.dm                                            |    <0.001 |
|                             RAM_reg_0_15_0_5                                       |    <0.001 |
|                             RAM_reg_0_15_12_15                                     |    <0.001 |
|                             RAM_reg_0_15_6_11                                      |    <0.001 |
|                         rstblk                                                     |    <0.001 |
|                           ngwrdrst.grst.g7serrst.gwrrd_rst_sync_stage[1].rrst_inst |    <0.001 |
|                           ngwrdrst.grst.g7serrst.gwrrd_rst_sync_stage[1].wrst_inst |    <0.001 |
|                           ngwrdrst.grst.g7serrst.gwrrd_rst_sync_stage[2].rrst_inst |    <0.001 |
|                           ngwrdrst.grst.g7serrst.gwrrd_rst_sync_stage[2].wrst_inst |    <0.001 |
|             U_CMD6_WR                                                              |    <0.001 |
|               U_WR_FIFO                                                            |    <0.001 |
|                 SUBCORE_FIFO.xsdbm_v3_0_0_wrfifo_inst                              |    <0.001 |
|                   inst_fifo_gen                                                    |    <0.001 |
|                     gconvfifo.rf                                                   |    <0.001 |
|                       grf.rf                                                       |    <0.001 |
|                         gntv_or_sync_fifo.gcx.clkx                                 |    <0.001 |
|                           gnxpm_cdc.gsync_stage[1].rd_stg_inst                     |    <0.001 |
|                           gnxpm_cdc.gsync_stage[1].wr_stg_inst                     |    <0.001 |
|                           gnxpm_cdc.gsync_stage[2].rd_stg_inst                     |    <0.001 |
|                           gnxpm_cdc.gsync_stage[2].wr_stg_inst                     |    <0.001 |
|                         gntv_or_sync_fifo.gl0.rd                                   |    <0.001 |
|                           gras.rsts                                                |    <0.001 |
|                           grhf.rhf                                                 |    <0.001 |
|                           rpntr                                                    |    <0.001 |
|                         gntv_or_sync_fifo.gl0.wr                                   |    <0.001 |
|                           gwas.wsts                                                |    <0.001 |
|                           gwhf.whf                                                 |    <0.001 |
|                           wpntr                                                    |    <0.001 |
|                         gntv_or_sync_fifo.mem                                      |    <0.001 |
|                           gdm.dm_gen.dm                                            |    <0.001 |
|                             RAM_reg_0_15_0_5                                       |    <0.001 |
|                             RAM_reg_0_15_12_15                                     |    <0.001 |
|                             RAM_reg_0_15_6_11                                      |    <0.001 |
|                         rstblk                                                     |    <0.001 |
|                           ngwrdrst.grst.g7serrst.gwrrd_rst_sync_stage[1].rrst_inst |    <0.001 |
|                           ngwrdrst.grst.g7serrst.gwrrd_rst_sync_stage[1].wrst_inst |    <0.001 |
|                           ngwrdrst.grst.g7serrst.gwrrd_rst_sync_stage[2].rrst_inst |    <0.001 |
|                           ngwrdrst.grst.g7serrst.gwrrd_rst_sync_stage[2].wrst_inst |    <0.001 |
|             U_CMD7_CTL                                                             |    <0.001 |
|             U_CMD7_STAT                                                            |    <0.001 |
|             U_STATIC_STATUS                                                        |    <0.001 |
|           U_XSDB_ADDRESS_CONTROLLER                                                |    <0.001 |
|           U_XSDB_BURST_WD_LEN_CONTROLLER                                           |    <0.001 |
|           U_XSDB_BUS_CONTROLLER                                                    |    <0.001 |
|             U_RD_ABORT_FLAG                                                        |    <0.001 |
|             U_RD_REQ_FLAG                                                          |    <0.001 |
|             U_TIMER                                                                |    <0.001 |
|           U_XSDB_BUS_MSTR2SL_PORT_IFACE                                            |    <0.001 |
|             U_RD_DIN_BUS_MUX                                                       |    <0.001 |
|         CORE_XSDB.U_ICON                                                           |    <0.001 |
|           U_CMD                                                                    |    <0.001 |
|           U_STAT                                                                   |    <0.001 |
|           U_SYNC                                                                   |    <0.001 |
|         SWITCH_N_EXT_BSCAN.bscan_inst                                              |    <0.001 |
|         SWITCH_N_EXT_BSCAN.bscan_switch                                            |    <0.001 |
|   ddc_scl_io_IOBUF_inst                                                            |     0.000 |
|   ddc_sda_io_IOBUF_inst                                                            |     0.000 |
|   dvi2rgb_0_i                                                                      |     0.181 |
|     U0                                                                             |     0.181 |
|       DataDecoders[0].DecoderX                                                     |     0.013 |
|         ChannelBondX                                                               |    <0.001 |
|           pFIFO_reg_0_31_0_5                                                       |    <0.001 |
|           pFIFO_reg_0_31_6_9                                                       |    <0.001 |
|         InputSERDES_X                                                              |     0.011 |
|         PhaseAlignX                                                                |    <0.001 |
|         SyncBaseOvf                                                                |    <0.001 |
|           SyncAsyncx                                                               |    <0.001 |
|         SyncBaseRst                                                                |    <0.001 |
|           SyncAsyncx                                                               |    <0.001 |
|       DataDecoders[1].DecoderX                                                     |     0.013 |
|         ChannelBondX                                                               |    <0.001 |
|           pFIFO_reg_0_31_0_5                                                       |    <0.001 |
|           pFIFO_reg_0_31_6_9                                                       |    <0.001 |
|         InputSERDES_X                                                              |     0.011 |
|         PhaseAlignX                                                                |    <0.001 |
|         SyncBaseOvf                                                                |    <0.001 |
|           SyncAsyncx                                                               |    <0.001 |
|         SyncBaseRst                                                                |    <0.001 |
|           SyncAsyncx                                                               |    <0.001 |
|       DataDecoders[2].DecoderX                                                     |     0.013 |
|         ChannelBondX                                                               |    <0.001 |
|           pFIFO_reg_0_31_0_5                                                       |    <0.001 |
|           pFIFO_reg_0_31_6_9                                                       |    <0.001 |
|         InputSERDES_X                                                              |     0.011 |
|         PhaseAlignX                                                                |    <0.001 |
|         SyncBaseOvf                                                                |    <0.001 |
|           SyncAsyncx                                                               |    <0.001 |
|         SyncBaseRst                                                                |    <0.001 |
|           SyncAsyncx                                                               |    <0.001 |
|       GenerateBUFG.ResyncToBUFG_X                                                  |    <0.001 |
|       GenerateDDC.DDC_EEPROM                                                       |     0.001 |
|         I2C_SlaveController                                                        |     0.001 |
|           GlitchF_SCL                                                              |    <0.001 |
|           GlitchF_SDA                                                              |    <0.001 |
|           SyncSCL                                                                  |    <0.001 |
|           SyncSDA                                                                  |    <0.001 |
|       GenerateDebug.ILA_PixClkx                                                    |     0.021 |
|         U0                                                                         |     0.021 |
|           ila_core_inst                                                            |     0.021 |
|             ila_trace_memory_inst                                                  |     0.002 |
|               SUBCORE_RAM_BLK_MEM_1.trace_block_memory                             |     0.002 |
|                 inst_blk_mem_gen                                                   |     0.002 |
|                   gnbram.gnativebmg.native_blk_mem_gen                             |     0.002 |
|                     valid.cstr                                                     |     0.002 |
|                       ramloop[0].ram.r                                             |    <0.001 |
|                         prim_noinit.ram                                            |    <0.001 |
|                       ramloop[1].ram.r                                             |    <0.001 |
|                         prim_noinit.ram                                            |    <0.001 |
|             u_ila_cap_ctrl                                                         |     0.002 |
|               U_CDONE                                                              |    <0.001 |
|               U_NS0                                                                |    <0.001 |
|               U_NS1                                                                |    <0.001 |
|               u_cap_addrgen                                                        |     0.002 |
|                 U_CMPRESET                                                         |    <0.001 |
|                 u_cap_sample_counter                                               |    <0.001 |
|                   U_SCE                                                            |    <0.001 |
|                   U_SCMPCE                                                         |    <0.001 |
|                   U_SCRST                                                          |    <0.001 |
|                   u_scnt_cmp                                                       |    <0.001 |
|                     allx_typeA_match_detection.ltlib_v1_0_0_allx_typeA_inst        |    <0.001 |
|                       DUT                                                          |    <0.001 |
|                         I_WHOLE_SLICE.G_SLICE_IDX[0].U_ALL_SRL_SLICE               |    <0.001 |
|                           u_srlA                                                   |    <0.001 |
|                           u_srlB                                                   |    <0.001 |
|                           u_srlC                                                   |    <0.001 |
|                           u_srlD                                                   |    <0.001 |
|                         I_WHOLE_SLICE.G_SLICE_IDX[1].U_ALL_SRL_SLICE               |    <0.001 |
|                           u_srlA                                                   |    <0.001 |
|                           u_srlB                                                   |    <0.001 |
|                           u_srlC                                                   |    <0.001 |
|                           u_srlD                                                   |    <0.001 |
|                 u_cap_window_counter                                               |    <0.001 |
|                   U_WCE                                                            |    <0.001 |
|                   U_WHCMPCE                                                        |    <0.001 |
|                   U_WLCMPCE                                                        |    <0.001 |
|                   u_wcnt_hcmp                                                      |    <0.001 |
|                     allx_typeA_match_detection.ltlib_v1_0_0_allx_typeA_inst        |    <0.001 |
|                       DUT                                                          |    <0.001 |
|                         I_WHOLE_SLICE.G_SLICE_IDX[0].U_ALL_SRL_SLICE               |    <0.001 |
|                           u_srlA                                                   |    <0.001 |
|                           u_srlB                                                   |    <0.001 |
|                           u_srlC                                                   |    <0.001 |
|                           u_srlD                                                   |    <0.001 |
|                         I_WHOLE_SLICE.G_SLICE_IDX[1].U_ALL_SRL_SLICE               |    <0.001 |
|                           u_srlA                                                   |    <0.001 |
|                           u_srlB                                                   |    <0.001 |
|                           u_srlC                                                   |    <0.001 |
|                           u_srlD                                                   |    <0.001 |
|                   u_wcnt_lcmp                                                      |    <0.001 |
|                     allx_typeA_match_detection.ltlib_v1_0_0_allx_typeA_inst        |    <0.001 |
|                       DUT                                                          |    <0.001 |
|                         I_WHOLE_SLICE.G_SLICE_IDX[0].U_ALL_SRL_SLICE               |    <0.001 |
|                           u_srlA                                                   |    <0.001 |
|                           u_srlB                                                   |    <0.001 |
|                           u_srlC                                                   |    <0.001 |
|                           u_srlD                                                   |    <0.001 |
|                         I_WHOLE_SLICE.G_SLICE_IDX[1].U_ALL_SRL_SLICE               |    <0.001 |
|                           u_srlA                                                   |    <0.001 |
|                           u_srlB                                                   |    <0.001 |
|                           u_srlC                                                   |    <0.001 |
|                           u_srlD                                                   |    <0.001 |
|             u_ila_regs                                                             |     0.013 |
|               MU_SRL[0].mu_srl_reg                                                 |    <0.001 |
|               MU_SRL[10].mu_srl_reg                                                |    <0.001 |
|               MU_SRL[11].mu_srl_reg                                                |    <0.001 |
|               MU_SRL[12].mu_srl_reg                                                |    <0.001 |
|               MU_SRL[13].mu_srl_reg                                                |    <0.001 |
|               MU_SRL[14].mu_srl_reg                                                |    <0.001 |
|               MU_SRL[15].mu_srl_reg                                                |    <0.001 |
|               MU_SRL[1].mu_srl_reg                                                 |    <0.001 |
|               MU_SRL[2].mu_srl_reg                                                 |    <0.001 |
|               MU_SRL[3].mu_srl_reg                                                 |    <0.001 |
|               MU_SRL[4].mu_srl_reg                                                 |    <0.001 |
|               MU_SRL[5].mu_srl_reg                                                 |    <0.001 |
|               MU_SRL[6].mu_srl_reg                                                 |    <0.001 |
|               MU_SRL[7].mu_srl_reg                                                 |    <0.001 |
|               MU_SRL[8].mu_srl_reg                                                 |    <0.001 |
|               MU_SRL[9].mu_srl_reg                                                 |    <0.001 |
|               STRG_QUAL.qual_strg_srl_reg                                          |    <0.001 |
|               TC_SRL[0].tc_srl_reg                                                 |    <0.001 |
|               U_XSDB_SLAVE                                                         |     0.003 |
|               reg_15                                                               |    <0.001 |
|                 I_EN_CTL_EQ1.U_CTL                                                 |    <0.001 |
|               reg_16                                                               |    <0.001 |
|                 I_EN_CTL_EQ1.U_CTL                                                 |    <0.001 |
|               reg_17                                                               |    <0.001 |
|                 I_EN_CTL_EQ1.U_CTL                                                 |    <0.001 |
|               reg_18                                                               |    <0.001 |
|                 I_EN_CTL_EQ1.U_CTL                                                 |    <0.001 |
|               reg_19                                                               |    <0.001 |
|                 I_EN_CTL_EQ1.U_CTL                                                 |    <0.001 |
|               reg_1a                                                               |    <0.001 |
|                 I_EN_CTL_EQ1.U_CTL                                                 |    <0.001 |
|               reg_6                                                                |    <0.001 |
|                 I_EN_CTL_EQ1.U_CTL                                                 |    <0.001 |
|               reg_7                                                                |    <0.001 |
|                 I_EN_CTL_EQ1.U_CTL                                                 |    <0.001 |
|               reg_8                                                                |    <0.001 |
|                 I_EN_STAT_EQ1.U_STAT                                               |    <0.001 |
|               reg_80                                                               |    <0.001 |
|                 I_EN_CTL_EQ1.U_CTL                                                 |    <0.001 |
|               reg_81                                                               |    <0.001 |
|                 I_EN_CTL_EQ1.U_CTL                                                 |    <0.001 |
|               reg_82                                                               |    <0.001 |
|                 I_EN_CTL_EQ1.U_CTL                                                 |    <0.001 |
|               reg_83                                                               |    <0.001 |
|                 I_EN_CTL_EQ1.U_CTL                                                 |    <0.001 |
|               reg_84                                                               |    <0.001 |
|                 I_EN_CTL_EQ1.U_CTL                                                 |    <0.001 |
|               reg_85                                                               |    <0.001 |
|                 I_EN_CTL_EQ1.U_CTL                                                 |    <0.001 |
|               reg_887                                                              |    <0.001 |
|                 I_EN_STAT_EQ1.U_STAT                                               |    <0.001 |
|               reg_88d                                                              |    <0.001 |
|                 I_EN_STAT_EQ1.U_STAT                                               |    <0.001 |
|               reg_890                                                              |    <0.001 |
|                 I_EN_STAT_EQ1.U_STAT                                               |    <0.001 |
|               reg_9                                                                |    <0.001 |
|                 I_EN_STAT_EQ1.U_STAT                                               |    <0.001 |
|               reg_srl_fff                                                          |    <0.001 |
|               reg_stream_ffd                                                       |    <0.001 |
|                 I_EN_CTL_EQ1.U_CTL                                                 |    <0.001 |
|               reg_stream_ffe                                                       |    <0.001 |
|                 I_EN_STAT_EQ1.U_STAT                                               |    <0.001 |
|             u_ila_reset_ctrl                                                       |    <0.001 |
|               arm_detection_inst                                                   |    <0.001 |
|               asyncrounous_transfer.arm_in_transfer_inst                           |    <0.001 |
|               asyncrounous_transfer.arm_out_transfer_inst                          |    <0.001 |
|               asyncrounous_transfer.halt_in_transfer_inst                          |    <0.001 |
|               asyncrounous_transfer.halt_out_transfer_inst                         |    <0.001 |
|               halt_detection_inst                                                  |    <0.001 |
|             u_trig                                                                 |     0.002 |
|               N_DDR_TC.N_DDR_TC_INST[0].U_TC                                       |    <0.001 |
|                 allx_typeA_match_detection.ltlib_v1_0_0_allx_typeA_inst            |    <0.001 |
|                   DUT                                                              |    <0.001 |
|                     I_WHOLE_SLICE.G_SLICE_IDX[0].U_ALL_SRL_SLICE                   |    <0.001 |
|                       u_srlA                                                       |    <0.001 |
|                       u_srlB                                                       |    <0.001 |
|                       u_srlC                                                       |    <0.001 |
|                       u_srlD                                                       |    <0.001 |
|                     I_WHOLE_SLICE.G_SLICE_IDX[1].U_ALL_SRL_SLICE                   |    <0.001 |
|                       u_srlA                                                       |    <0.001 |
|                       u_srlB                                                       |    <0.001 |
|                       u_srlC                                                       |    <0.001 |
|                       u_srlD                                                       |    <0.001 |
|               STRG_QUAL.U_STRG_QUAL                                                |    <0.001 |
|                 allx_typeA_match_detection.ltlib_v1_0_0_allx_typeA_inst            |    <0.001 |
|                   DUT                                                              |    <0.001 |
|                     I_WHOLE_SLICE.G_SLICE_IDX[0].U_ALL_SRL_SLICE                   |    <0.001 |
|                       u_srlA                                                       |    <0.001 |
|                       u_srlB                                                       |    <0.001 |
|                       u_srlC                                                       |    <0.001 |
|                       u_srlD                                                       |    <0.001 |
|                     I_WHOLE_SLICE.G_SLICE_IDX[1].U_ALL_SRL_SLICE                   |    <0.001 |
|                       u_srlA                                                       |    <0.001 |
|                       u_srlB                                                       |    <0.001 |
|                       u_srlC                                                       |    <0.001 |
|                       u_srlD                                                       |    <0.001 |
|               U_TM                                                                 |     0.002 |
|                 N_DDR_MODE.G_NMU[0].U_M                                            |    <0.001 |
|                   allx_typeA_match_detection.ltlib_v1_0_0_allx_typeA_inst          |    <0.001 |
|                     DUT                                                            |    <0.001 |
|                       I_WHOLE_SLICE.G_SLICE_IDX[0].U_ALL_SRL_SLICE                 |    <0.001 |
|                         u_srlA                                                     |    <0.001 |
|                         u_srlB                                                     |    <0.001 |
|                         u_srlC                                                     |    <0.001 |
|                         u_srlD                                                     |    <0.001 |
|                 N_DDR_MODE.G_NMU[10].U_M                                           |    <0.001 |
|                   allx_typeA_match_detection.ltlib_v1_0_0_allx_typeA_inst          |    <0.001 |
|                     DUT                                                            |    <0.001 |
|                       I_WHOLE_SLICE.G_SLICE_IDX[0].U_ALL_SRL_SLICE                 |    <0.001 |
|                         u_srlA                                                     |    <0.001 |
|                         u_srlB                                                     |    <0.001 |
|                         u_srlC                                                     |    <0.001 |
|                         u_srlD                                                     |    <0.001 |
|                 N_DDR_MODE.G_NMU[11].U_M                                           |    <0.001 |
|                   allx_typeA_match_detection.ltlib_v1_0_0_allx_typeA_inst          |    <0.001 |
|                     DUT                                                            |    <0.001 |
|                       I_WHOLE_SLICE.G_SLICE_IDX[0].U_ALL_SRL_SLICE                 |    <0.001 |
|                         u_srlA                                                     |    <0.001 |
|                         u_srlB                                                     |    <0.001 |
|                         u_srlC                                                     |    <0.001 |
|                         u_srlD                                                     |    <0.001 |
|                 N_DDR_MODE.G_NMU[12].U_M                                           |    <0.001 |
|                   allx_typeA_match_detection.ltlib_v1_0_0_allx_typeA_inst          |    <0.001 |
|                     DUT                                                            |    <0.001 |
|                       I_WHOLE_SLICE.G_SLICE_IDX[0].U_ALL_SRL_SLICE                 |    <0.001 |
|                         u_srlA                                                     |    <0.001 |
|                         u_srlB                                                     |    <0.001 |
|                         u_srlC                                                     |    <0.001 |
|                         u_srlD                                                     |    <0.001 |
|                 N_DDR_MODE.G_NMU[13].U_M                                           |    <0.001 |
|                   allx_typeA_match_detection.ltlib_v1_0_0_allx_typeA_inst          |    <0.001 |
|                     DUT                                                            |    <0.001 |
|                       I_WHOLE_SLICE.G_SLICE_IDX[0].U_ALL_SRL_SLICE                 |    <0.001 |
|                         u_srlA                                                     |    <0.001 |
|                         u_srlB                                                     |    <0.001 |
|                         u_srlC                                                     |    <0.001 |
|                         u_srlD                                                     |    <0.001 |
|                 N_DDR_MODE.G_NMU[14].U_M                                           |    <0.001 |
|                   allx_typeA_match_detection.ltlib_v1_0_0_allx_typeA_inst          |    <0.001 |
|                     DUT                                                            |    <0.001 |
|                       I_WHOLE_SLICE.G_SLICE_IDX[0].U_ALL_SRL_SLICE                 |    <0.001 |
|                         u_srlA                                                     |    <0.001 |
|                         u_srlB                                                     |    <0.001 |
|                         u_srlC                                                     |    <0.001 |
|                         u_srlD                                                     |    <0.001 |
|                 N_DDR_MODE.G_NMU[15].U_M                                           |    <0.001 |
|                   allx_typeA_match_detection.ltlib_v1_0_0_allx_typeA_inst          |    <0.001 |
|                     DUT                                                            |    <0.001 |
|                       I_WHOLE_SLICE.G_SLICE_IDX[0].U_ALL_SRL_SLICE                 |    <0.001 |
|                         u_srlA                                                     |    <0.001 |
|                         u_srlB                                                     |    <0.001 |
|                         u_srlC                                                     |    <0.001 |
|                         u_srlD                                                     |    <0.001 |
|                 N_DDR_MODE.G_NMU[1].U_M                                            |    <0.001 |
|                   allx_typeA_match_detection.ltlib_v1_0_0_allx_typeA_inst          |    <0.001 |
|                     DUT                                                            |    <0.001 |
|                       I_WHOLE_SLICE.G_SLICE_IDX[0].U_ALL_SRL_SLICE                 |    <0.001 |
|                         u_srlA                                                     |    <0.001 |
|                         u_srlB                                                     |    <0.001 |
|                         u_srlC                                                     |    <0.001 |
|                         u_srlD                                                     |    <0.001 |
|                 N_DDR_MODE.G_NMU[2].U_M                                            |    <0.001 |
|                   allx_typeA_match_detection.ltlib_v1_0_0_allx_typeA_inst          |    <0.001 |
|                     DUT                                                            |    <0.001 |
|                       I_WHOLE_SLICE.G_SLICE_IDX[0].U_ALL_SRL_SLICE                 |    <0.001 |
|                         u_srlA                                                     |    <0.001 |
|                         u_srlB                                                     |    <0.001 |
|                         u_srlC                                                     |    <0.001 |
|                         u_srlD                                                     |    <0.001 |
|                 N_DDR_MODE.G_NMU[3].U_M                                            |    <0.001 |
|                   allx_typeA_match_detection.ltlib_v1_0_0_allx_typeA_inst          |    <0.001 |
|                     DUT                                                            |    <0.001 |
|                       I_WHOLE_SLICE.G_SLICE_IDX[0].U_ALL_SRL_SLICE                 |    <0.001 |
|                         u_srlA                                                     |    <0.001 |
|                         u_srlB                                                     |    <0.001 |
|                         u_srlC                                                     |    <0.001 |
|                         u_srlD                                                     |    <0.001 |
|                 N_DDR_MODE.G_NMU[4].U_M                                            |    <0.001 |
|                   allx_typeA_match_detection.ltlib_v1_0_0_allx_typeA_inst          |    <0.001 |
|                     DUT                                                            |    <0.001 |
|                       I_WHOLE_SLICE.G_SLICE_IDX[0].U_ALL_SRL_SLICE                 |    <0.001 |
|                         u_srlA                                                     |    <0.001 |
|                         u_srlB                                                     |    <0.001 |
|                         u_srlC                                                     |    <0.001 |
|                         u_srlD                                                     |    <0.001 |
|                 N_DDR_MODE.G_NMU[5].U_M                                            |    <0.001 |
|                   allx_typeA_match_detection.ltlib_v1_0_0_allx_typeA_inst          |    <0.001 |
|                     DUT                                                            |    <0.001 |
|                       I_WHOLE_SLICE.G_SLICE_IDX[0].U_ALL_SRL_SLICE                 |    <0.001 |
|                         u_srlA                                                     |    <0.001 |
|                         u_srlB                                                     |    <0.001 |
|                         u_srlC                                                     |    <0.001 |
|                         u_srlD                                                     |    <0.001 |
|                 N_DDR_MODE.G_NMU[6].U_M                                            |    <0.001 |
|                   allx_typeA_match_detection.ltlib_v1_0_0_allx_typeA_inst          |    <0.001 |
|                     DUT                                                            |    <0.001 |
|                       I_WHOLE_SLICE.G_SLICE_IDX[0].U_ALL_SRL_SLICE                 |    <0.001 |
|                         u_srlA                                                     |    <0.001 |
|                         u_srlB                                                     |    <0.001 |
|                         u_srlC                                                     |    <0.001 |
|                         u_srlD                                                     |    <0.001 |
|                 N_DDR_MODE.G_NMU[7].U_M                                            |    <0.001 |
|                   allx_typeA_match_detection.ltlib_v1_0_0_allx_typeA_inst          |    <0.001 |
|                     DUT                                                            |    <0.001 |
|                       I_WHOLE_SLICE.G_SLICE_IDX[0].U_ALL_SRL_SLICE                 |    <0.001 |
|                         u_srlA                                                     |    <0.001 |
|                         u_srlB                                                     |    <0.001 |
|                         u_srlC                                                     |    <0.001 |
|                         u_srlD                                                     |    <0.001 |
|                 N_DDR_MODE.G_NMU[8].U_M                                            |    <0.001 |
|                   allx_typeA_match_detection.ltlib_v1_0_0_allx_typeA_inst          |    <0.001 |
|                     DUT                                                            |    <0.001 |
|                       I_WHOLE_SLICE.G_SLICE_IDX[0].U_ALL_SRL_SLICE                 |    <0.001 |
|                         u_srlA                                                     |    <0.001 |
|                         u_srlB                                                     |    <0.001 |
|                         u_srlC                                                     |    <0.001 |
|                         u_srlD                                                     |    <0.001 |
|                 N_DDR_MODE.G_NMU[9].U_M                                            |    <0.001 |
|                   allx_typeA_match_detection.ltlib_v1_0_0_allx_typeA_inst          |    <0.001 |
|                     DUT                                                            |    <0.001 |
|                       I_WHOLE_SLICE.G_SLICE_IDX[0].U_ALL_SRL_SLICE                 |    <0.001 |
|                         u_srlA                                                     |    <0.001 |
|                         u_srlB                                                     |    <0.001 |
|                         u_srlC                                                     |    <0.001 |
|                         u_srlD                                                     |    <0.001 |
|             xsdb_memory_read_inst                                                  |    <0.001 |
|       GenerateDebug.ILA_RefClkx                                                    |     0.017 |
|         U0                                                                         |     0.017 |
|           ila_core_inst                                                            |     0.017 |
|             ila_trace_memory_inst                                                  |    <0.001 |
|               SUBCORE_RAM_BLK_MEM_1.trace_block_memory                             |    <0.001 |
|                 inst_blk_mem_gen                                                   |    <0.001 |
|                   gnbram.gnativebmg.native_blk_mem_gen                             |    <0.001 |
|                     valid.cstr                                                     |    <0.001 |
|                       ramloop[0].ram.r                                             |    <0.001 |
|                         prim_noinit.ram                                            |    <0.001 |
|             u_ila_cap_ctrl                                                         |     0.002 |
|               U_CDONE                                                              |    <0.001 |
|               U_NS0                                                                |    <0.001 |
|               U_NS1                                                                |    <0.001 |
|               u_cap_addrgen                                                        |     0.002 |
|                 U_CMPRESET                                                         |    <0.001 |
|                 u_cap_sample_counter                                               |    <0.001 |
|                   U_SCE                                                            |    <0.001 |
|                   U_SCMPCE                                                         |    <0.001 |
|                   U_SCRST                                                          |    <0.001 |
|                   u_scnt_cmp                                                       |    <0.001 |
|                     allx_typeA_match_detection.ltlib_v1_0_0_allx_typeA_inst        |    <0.001 |
|                       DUT                                                          |    <0.001 |
|                         I_WHOLE_SLICE.G_SLICE_IDX[0].U_ALL_SRL_SLICE               |    <0.001 |
|                           u_srlA                                                   |    <0.001 |
|                           u_srlB                                                   |    <0.001 |
|                           u_srlC                                                   |    <0.001 |
|                           u_srlD                                                   |    <0.001 |
|                         I_WHOLE_SLICE.G_SLICE_IDX[1].U_ALL_SRL_SLICE               |    <0.001 |
|                           u_srlA                                                   |    <0.001 |
|                           u_srlB                                                   |    <0.001 |
|                           u_srlC                                                   |    <0.001 |
|                           u_srlD                                                   |    <0.001 |
|                 u_cap_window_counter                                               |    <0.001 |
|                   U_WCE                                                            |    <0.001 |
|                   U_WHCMPCE                                                        |    <0.001 |
|                   U_WLCMPCE                                                        |    <0.001 |
|                   u_wcnt_hcmp                                                      |    <0.001 |
|                     allx_typeA_match_detection.ltlib_v1_0_0_allx_typeA_inst        |    <0.001 |
|                       DUT                                                          |    <0.001 |
|                         I_WHOLE_SLICE.G_SLICE_IDX[0].U_ALL_SRL_SLICE               |    <0.001 |
|                           u_srlA                                                   |    <0.001 |
|                           u_srlB                                                   |    <0.001 |
|                           u_srlC                                                   |    <0.001 |
|                           u_srlD                                                   |    <0.001 |
|                         I_WHOLE_SLICE.G_SLICE_IDX[1].U_ALL_SRL_SLICE               |    <0.001 |
|                           u_srlA                                                   |    <0.001 |
|                           u_srlB                                                   |    <0.001 |
|                           u_srlC                                                   |    <0.001 |
|                           u_srlD                                                   |    <0.001 |
|                   u_wcnt_lcmp                                                      |    <0.001 |
|                     allx_typeA_match_detection.ltlib_v1_0_0_allx_typeA_inst        |    <0.001 |
|                       DUT                                                          |    <0.001 |
|                         I_WHOLE_SLICE.G_SLICE_IDX[0].U_ALL_SRL_SLICE               |    <0.001 |
|                           u_srlA                                                   |    <0.001 |
|                           u_srlB                                                   |    <0.001 |
|                           u_srlC                                                   |    <0.001 |
|                           u_srlD                                                   |    <0.001 |
|                         I_WHOLE_SLICE.G_SLICE_IDX[1].U_ALL_SRL_SLICE               |    <0.001 |
|                           u_srlA                                                   |    <0.001 |
|                           u_srlB                                                   |    <0.001 |
|                           u_srlC                                                   |    <0.001 |
|                           u_srlD                                                   |    <0.001 |
|             u_ila_regs                                                             |     0.012 |
|               MU_SRL[0].mu_srl_reg                                                 |    <0.001 |
|               MU_SRL[10].mu_srl_reg                                                |    <0.001 |
|               MU_SRL[11].mu_srl_reg                                                |    <0.001 |
|               MU_SRL[1].mu_srl_reg                                                 |    <0.001 |
|               MU_SRL[2].mu_srl_reg                                                 |    <0.001 |
|               MU_SRL[3].mu_srl_reg                                                 |    <0.001 |
|               MU_SRL[4].mu_srl_reg                                                 |    <0.001 |
|               MU_SRL[5].mu_srl_reg                                                 |    <0.001 |
|               MU_SRL[6].mu_srl_reg                                                 |    <0.001 |
|               MU_SRL[7].mu_srl_reg                                                 |    <0.001 |
|               MU_SRL[8].mu_srl_reg                                                 |    <0.001 |
|               MU_SRL[9].mu_srl_reg                                                 |    <0.001 |
|               STRG_QUAL.qual_strg_srl_reg                                          |    <0.001 |
|               TC_SRL[0].tc_srl_reg                                                 |    <0.001 |
|               U_XSDB_SLAVE                                                         |     0.003 |
|               reg_15                                                               |    <0.001 |
|                 I_EN_CTL_EQ1.U_CTL                                                 |    <0.001 |
|               reg_16                                                               |    <0.001 |
|                 I_EN_CTL_EQ1.U_CTL                                                 |    <0.001 |
|               reg_17                                                               |    <0.001 |
|                 I_EN_CTL_EQ1.U_CTL                                                 |    <0.001 |
|               reg_18                                                               |    <0.001 |
|                 I_EN_CTL_EQ1.U_CTL                                                 |    <0.001 |
|               reg_19                                                               |    <0.001 |
|                 I_EN_CTL_EQ1.U_CTL                                                 |    <0.001 |
|               reg_1a                                                               |    <0.001 |
|                 I_EN_CTL_EQ1.U_CTL                                                 |    <0.001 |
|               reg_6                                                                |    <0.001 |
|                 I_EN_CTL_EQ1.U_CTL                                                 |    <0.001 |
|               reg_7                                                                |    <0.001 |
|                 I_EN_CTL_EQ1.U_CTL                                                 |    <0.001 |
|               reg_8                                                                |    <0.001 |
|                 I_EN_STAT_EQ1.U_STAT                                               |    <0.001 |
|               reg_80                                                               |    <0.001 |
|                 I_EN_CTL_EQ1.U_CTL                                                 |    <0.001 |
|               reg_81                                                               |    <0.001 |
|                 I_EN_CTL_EQ1.U_CTL                                                 |    <0.001 |
|               reg_82                                                               |    <0.001 |
|                 I_EN_CTL_EQ1.U_CTL                                                 |    <0.001 |
|               reg_83                                                               |    <0.001 |
|                 I_EN_CTL_EQ1.U_CTL                                                 |    <0.001 |
|               reg_84                                                               |    <0.001 |
|                 I_EN_CTL_EQ1.U_CTL                                                 |    <0.001 |
|               reg_85                                                               |    <0.001 |
|                 I_EN_CTL_EQ1.U_CTL                                                 |    <0.001 |
|               reg_887                                                              |    <0.001 |
|                 I_EN_STAT_EQ1.U_STAT                                               |    <0.001 |
|               reg_88d                                                              |    <0.001 |
|                 I_EN_STAT_EQ1.U_STAT                                               |    <0.001 |
|               reg_890                                                              |    <0.001 |
|                 I_EN_STAT_EQ1.U_STAT                                               |    <0.001 |
|               reg_9                                                                |    <0.001 |
|                 I_EN_STAT_EQ1.U_STAT                                               |    <0.001 |
|               reg_srl_fff                                                          |    <0.001 |
|               reg_stream_ffd                                                       |    <0.001 |
|                 I_EN_CTL_EQ1.U_CTL                                                 |    <0.001 |
|               reg_stream_ffe                                                       |    <0.001 |
|                 I_EN_STAT_EQ1.U_STAT                                               |    <0.001 |
|             u_ila_reset_ctrl                                                       |    <0.001 |
|               arm_detection_inst                                                   |    <0.001 |
|               asyncrounous_transfer.arm_in_transfer_inst                           |    <0.001 |
|               asyncrounous_transfer.arm_out_transfer_inst                          |    <0.001 |
|               asyncrounous_transfer.halt_in_transfer_inst                          |    <0.001 |
|               asyncrounous_transfer.halt_out_transfer_inst                         |    <0.001 |
|               halt_detection_inst                                                  |    <0.001 |
|             u_trig                                                                 |     0.002 |
|               N_DDR_TC.N_DDR_TC_INST[0].U_TC                                       |    <0.001 |
|                 allx_typeA_match_detection.ltlib_v1_0_0_allx_typeA_inst            |    <0.001 |
|                   DUT                                                              |    <0.001 |
|                     I_WHOLE_SLICE.G_SLICE_IDX[0].U_ALL_SRL_SLICE                   |    <0.001 |
|                       u_srlA                                                       |    <0.001 |
|                       u_srlB                                                       |    <0.001 |
|                       u_srlC                                                       |    <0.001 |
|                       u_srlD                                                       |    <0.001 |
|                     I_WHOLE_SLICE.G_SLICE_IDX[1].U_ALL_SRL_SLICE                   |    <0.001 |
|                       u_srlA                                                       |    <0.001 |
|                       u_srlB                                                       |    <0.001 |
|                       u_srlC                                                       |    <0.001 |
|                       u_srlD                                                       |    <0.001 |
|               STRG_QUAL.U_STRG_QUAL                                                |    <0.001 |
|                 allx_typeA_match_detection.ltlib_v1_0_0_allx_typeA_inst            |    <0.001 |
|                   DUT                                                              |    <0.001 |
|                     I_WHOLE_SLICE.G_SLICE_IDX[0].U_ALL_SRL_SLICE                   |    <0.001 |
|                       u_srlA                                                       |    <0.001 |
|                       u_srlB                                                       |    <0.001 |
|                       u_srlC                                                       |    <0.001 |
|                       u_srlD                                                       |    <0.001 |
|                     I_WHOLE_SLICE.G_SLICE_IDX[1].U_ALL_SRL_SLICE                   |    <0.001 |
|                       u_srlA                                                       |    <0.001 |
|                       u_srlB                                                       |    <0.001 |
|                       u_srlC                                                       |    <0.001 |
|                       u_srlD                                                       |    <0.001 |
|               U_TM                                                                 |     0.001 |
|                 N_DDR_MODE.G_NMU[0].U_M                                            |    <0.001 |
|                   allx_typeA_match_detection.ltlib_v1_0_0_allx_typeA_inst          |    <0.001 |
|                     DUT                                                            |    <0.001 |
|                       I_WHOLE_SLICE.G_SLICE_IDX[0].U_ALL_SRL_SLICE                 |    <0.001 |
|                         u_srlA                                                     |    <0.001 |
|                         u_srlB                                                     |    <0.001 |
|                         u_srlC                                                     |    <0.001 |
|                         u_srlD                                                     |    <0.001 |
|                 N_DDR_MODE.G_NMU[10].U_M                                           |    <0.001 |
|                   allx_typeA_match_detection.ltlib_v1_0_0_allx_typeA_inst          |    <0.001 |
|                     DUT                                                            |    <0.001 |
|                       I_WHOLE_SLICE.G_SLICE_IDX[0].U_ALL_SRL_SLICE                 |    <0.001 |
|                         u_srlA                                                     |    <0.001 |
|                         u_srlB                                                     |    <0.001 |
|                         u_srlC                                                     |    <0.001 |
|                         u_srlD                                                     |    <0.001 |
|                 N_DDR_MODE.G_NMU[11].U_M                                           |    <0.001 |
|                   allx_typeA_match_detection.ltlib_v1_0_0_allx_typeA_inst          |    <0.001 |
|                     DUT                                                            |    <0.001 |
|                       I_WHOLE_SLICE.G_SLICE_IDX[0].U_ALL_SRL_SLICE                 |    <0.001 |
|                         u_srlA                                                     |    <0.001 |
|                         u_srlB                                                     |    <0.001 |
|                         u_srlC                                                     |    <0.001 |
|                         u_srlD                                                     |    <0.001 |
|                 N_DDR_MODE.G_NMU[1].U_M                                            |    <0.001 |
|                   allx_typeA_match_detection.ltlib_v1_0_0_allx_typeA_inst          |    <0.001 |
|                     DUT                                                            |    <0.001 |
|                       I_WHOLE_SLICE.G_SLICE_IDX[0].U_ALL_SRL_SLICE                 |    <0.001 |
|                         u_srlA                                                     |    <0.001 |
|                         u_srlB                                                     |    <0.001 |
|                         u_srlC                                                     |    <0.001 |
|                         u_srlD                                                     |    <0.001 |
|                 N_DDR_MODE.G_NMU[2].U_M                                            |    <0.001 |
|                   allx_typeA_match_detection.ltlib_v1_0_0_allx_typeA_inst          |    <0.001 |
|                     DUT                                                            |    <0.001 |
|                       I_WHOLE_SLICE.G_SLICE_IDX[0].U_ALL_SRL_SLICE                 |    <0.001 |
|                         u_srlA                                                     |    <0.001 |
|                         u_srlB                                                     |    <0.001 |
|                         u_srlC                                                     |    <0.001 |
|                         u_srlD                                                     |    <0.001 |
|                 N_DDR_MODE.G_NMU[3].U_M                                            |    <0.001 |
|                   allx_typeA_match_detection.ltlib_v1_0_0_allx_typeA_inst          |    <0.001 |
|                     DUT                                                            |    <0.001 |
|                       I_WHOLE_SLICE.G_SLICE_IDX[0].U_ALL_SRL_SLICE                 |    <0.001 |
|                         u_srlA                                                     |    <0.001 |
|                         u_srlB                                                     |    <0.001 |
|                         u_srlC                                                     |    <0.001 |
|                         u_srlD                                                     |    <0.001 |
|                 N_DDR_MODE.G_NMU[4].U_M                                            |    <0.001 |
|                   allx_typeA_match_detection.ltlib_v1_0_0_allx_typeA_inst          |    <0.001 |
|                     DUT                                                            |    <0.001 |
|                       I_WHOLE_SLICE.G_SLICE_IDX[0].U_ALL_SRL_SLICE                 |    <0.001 |
|                         u_srlA                                                     |    <0.001 |
|                         u_srlB                                                     |    <0.001 |
|                         u_srlC                                                     |    <0.001 |
|                         u_srlD                                                     |    <0.001 |
|                 N_DDR_MODE.G_NMU[5].U_M                                            |    <0.001 |
|                   allx_typeA_match_detection.ltlib_v1_0_0_allx_typeA_inst          |    <0.001 |
|                     DUT                                                            |    <0.001 |
|                       I_WHOLE_SLICE.G_SLICE_IDX[0].U_ALL_SRL_SLICE                 |    <0.001 |
|                         u_srlA                                                     |    <0.001 |
|                         u_srlB                                                     |    <0.001 |
|                         u_srlC                                                     |    <0.001 |
|                         u_srlD                                                     |    <0.001 |
|                 N_DDR_MODE.G_NMU[6].U_M                                            |    <0.001 |
|                   allx_typeA_match_detection.ltlib_v1_0_0_allx_typeA_inst          |    <0.001 |
|                     DUT                                                            |    <0.001 |
|                       I_WHOLE_SLICE.G_SLICE_IDX[0].U_ALL_SRL_SLICE                 |    <0.001 |
|                         u_srlA                                                     |    <0.001 |
|                         u_srlB                                                     |    <0.001 |
|                         u_srlC                                                     |    <0.001 |
|                         u_srlD                                                     |    <0.001 |
|                 N_DDR_MODE.G_NMU[7].U_M                                            |    <0.001 |
|                   allx_typeA_match_detection.ltlib_v1_0_0_allx_typeA_inst          |    <0.001 |
|                     DUT                                                            |    <0.001 |
|                       I_WHOLE_SLICE.G_SLICE_IDX[0].U_ALL_SRL_SLICE                 |    <0.001 |
|                         u_srlA                                                     |    <0.001 |
|                         u_srlB                                                     |    <0.001 |
|                         u_srlC                                                     |    <0.001 |
|                         u_srlD                                                     |    <0.001 |
|                 N_DDR_MODE.G_NMU[8].U_M                                            |    <0.001 |
|                   allx_typeA_match_detection.ltlib_v1_0_0_allx_typeA_inst          |    <0.001 |
|                     DUT                                                            |    <0.001 |
|                       I_WHOLE_SLICE.G_SLICE_IDX[0].U_ALL_SRL_SLICE                 |    <0.001 |
|                         u_srlA                                                     |    <0.001 |
|                         u_srlB                                                     |    <0.001 |
|                         u_srlC                                                     |    <0.001 |
|                         u_srlD                                                     |    <0.001 |
|                 N_DDR_MODE.G_NMU[9].U_M                                            |    <0.001 |
|                   allx_typeA_match_detection.ltlib_v1_0_0_allx_typeA_inst          |    <0.001 |
|                     DUT                                                            |    <0.001 |
|                       I_WHOLE_SLICE.G_SLICE_IDX[0].U_ALL_SRL_SLICE                 |    <0.001 |
|                         u_srlA                                                     |    <0.001 |
|                         u_srlB                                                     |    <0.001 |
|                         u_srlC                                                     |    <0.001 |
|                         u_srlD                                                     |    <0.001 |
|             xsdb_memory_read_inst                                                  |    <0.001 |
|       GenerateDebug.SyncAsyncTrigAck                                               |    <0.001 |
|       GenerateDebug.SyncAsyncTrigOut                                               |    <0.001 |
|       LockLostReset                                                                |    <0.001 |
|         SyncAsyncx                                                                 |    <0.001 |
|       TMDS_ClockingX                                                               |     0.103 |
|         LockLostReset                                                              |    <0.001 |
|           SyncAsyncx                                                               |    <0.001 |
|         MMCM_LockSync                                                              |    <0.001 |
|         RdyLostReset                                                               |    <0.001 |
|           SyncAsyncx                                                               |    <0.001 |
|   img_proc_i                                                                       |    <0.001 |
|   rgb2vga_0_i                                                                      |    <0.001 |
|     U0                                                                             |    <0.001 |
+------------------------------------------------------------------------------------+-----------+


